[2J[01;01H[=3h[2J[01;01H[2J[01;01H[=3h[2J[01;01H[2J[01;01H[=3h[2J[01;01HBdsDxe: loading Boot0001 "UEFI QEMU HARDDISK QM00001 " from PciRoot(0x0)/Pci(0x1F,0x2)/Sata(0x0,0xFFFF,0x0)
BdsDxe: starting Boot0001 "UEFI QEMU HARDDISK QM00001 " from PciRoot(0x0)/Pci(0x1F,0x2)/Sata(0x0,0xFFFF,0x0)
[2J[01;01H[=3h[2J[01;01H[2J[01;01H[2J[01;01H[=3h[2J[01;01H[2J[01;01HSwitched to Text Mode 2 (100x31)
-------------------------------
|     MT GNU-EFI Bootloader   |
-------------------------------
Current Time: 00:25:47
Date: 2026-01-08
--------------------------------------------------
--- UEFI Configuration Table ---
--------------------------------------------------
| Table 0: ACPI 2.0 (RSDP) at 0x7F4EBE98
| Table 1: ACPI 2.0 (RSDP) at 0x7FE8B140
| Table 2: ACPI 2.0 (RSDP) at 0x7F4E7018
| Table 3: ACPI 2.0 (RSDP) at 0x7FE8AF00
| Table 4: ACPI 2.0 (RSDP) at 0x7FE8B850
| Table 5: ACPI 2.0 (RSDP) at 0x7F589018
| Table 6: ACPI 2.0 (RSDP) at 0x7F588000
| Table 7: ACPI 2.0 (RSDP) at 0x7F77E000
| Table 8: ACPI 2.0 (RSDP) at 0x7F77E014
| Table 9: ACPI 2.0 (RSDP) at 0x7E5E6018
--------------------------------------------------
ACPI RSDP 2.0 Address: 0x7FE8B140
SMBIOS Entry Point Address: 0x7FE8B140
--------------------------------------------------
GOP found: 1280x800 at 0x80000000 with size: 4096000
--------------------------------------------------
Loading kernel...
Kernel loaded at entry point: 0x100000
--------------------------------------------------
[System]
  Maker:   QEMU
  Product: Standard PC (Q35 + ICH9, 2009)

[CPU]
  Model:   pc-q35-10.2
  Socket:  CPU 0
--------------------------------------------------
Press any key to continue...
